  乘法算法.cpp
C:\Users\L-kanshan\OneDrive - arocyx\文档\GitHub\C-Code\C++ 项目\C++ Project\乘法算法.cpp(39,24): warning C4267: “初始化”: 从“size_t”转换到“int”，可能丢失数据
C:\Users\L-kanshan\OneDrive - arocyx\文档\GitHub\C-Code\C++ 项目\C++ Project\乘法算法.cpp(39,44): warning C4267: “初始化”: 从“size_t”转换到“int”，可能丢失数据
C:\Users\L-kanshan\OneDrive - arocyx\文档\GitHub\C-Code\C++ 项目\C++ Project\乘法算法.cpp(140,3): warning C4267: “初始化”: 从“size_t”转换到“int”，可能丢失数据
C:\Users\L-kanshan\OneDrive - arocyx\文档\GitHub\C-Code\C++ 项目\C++ Project\乘法算法.cpp(241,3): warning C4267: “初始化”: 从“size_t”转换到“int”，可能丢失数据
C:\Users\L-kanshan\OneDrive - arocyx\文档\GitHub\C-Code\C++ 项目\C++ Project\乘法算法.cpp(275,27): warning C4267: “初始化”: 从“size_t”转换到“int”，可能丢失数据
C:\Users\L-kanshan\OneDrive - arocyx\文档\GitHub\C-Code\C++ 项目\C++ Project\乘法算法.cpp(276,27): warning C4267: “初始化”: 从“size_t”转换到“int”，可能丢失数据
C:\Users\L-kanshan\OneDrive - arocyx\文档\GitHub\C-Code\C++ 项目\C++ Project\乘法算法.cpp(303,22): warning C4267: “初始化”: 从“size_t”转换到“int”，可能丢失数据
C:\Users\L-kanshan\OneDrive - arocyx\文档\GitHub\C-Code\C++ 项目\C++ Project\乘法算法.cpp(341,22): warning C4267: “初始化”: 从“size_t”转换到“int”，可能丢失数据
C:\Users\L-kanshan\OneDrive - arocyx\文档\GitHub\C-Code\C++ 项目\C++ Project\乘法算法.cpp(349,19): warning C4267: “=”: 从“size_t”转换到“int”，可能丢失数据
C:\Users\L-kanshan\OneDrive - arocyx\文档\GitHub\C-Code\C++ 项目\C++ Project\乘法算法.cpp(356,20): warning C4267: “=”: 从“size_t”转换到“int”，可能丢失数据
C:\Users\L-kanshan\OneDrive - arocyx\文档\GitHub\C-Code\C++ 项目\C++ Project\乘法算法.cpp(382,19): warning C4267: “=”: 从“size_t”转换到“int”，可能丢失数据
C:\Users\L-kanshan\OneDrive - arocyx\文档\GitHub\C-Code\C++ 项目\C++ Project\乘法算法.cpp(404,8): warning C4101: “n2”: 未引用的局部变量
C:\Users\L-kanshan\OneDrive - arocyx\文档\GitHub\C-Code\C++ 项目\C++ Project\乘法算法.cpp(403,8): warning C4101: “n1”: 未引用的局部变量
  二进制转换.cpp
C:\Users\L-kanshan\OneDrive - arocyx\文档\GitHub\C-Code\C++ 项目\C++ Project\二进制转换.cpp(4,1): warning C4326: “main”的返回类型应为“int”而非“void”
  倒序输出.cpp
C:\Users\L-kanshan\OneDrive - arocyx\文档\GitHub\C-Code\C++ 项目\C++ Project\倒序输出.cpp(12,32): warning C4267: “初始化”: 从“size_t”转换到“long”，可能丢失数据
  双向链表.cpp
  因数分解.cpp
  字符串操作.cpp
C:\Users\L-kanshan\OneDrive - arocyx\文档\GitHub\C-Code\C++ 项目\C++ Project\字符串操作.cpp(78,5): warning C4267: “初始化”: 从“size_t”转换到“int”，可能丢失数据
  打印正方形.cpp
  int与string相互转换.cpp
  不定二维数组.cpp
  小数点和平方.cpp
  字符串插入.cpp
  源.cpp
  查找替换字符串.cpp
C:\Users\L-kanshan\OneDrive - arocyx\文档\GitHub\C-Code\C++ 项目\C++ Project\查找替换字符串.cpp(15,22): warning C4267: “=”: 从“size_t”转换到“int”，可能丢失数据
  输出例子.cpp
  输出链表字符.cpp
C:\Users\L-kanshan\OneDrive - arocyx\文档\GitHub\C-Code\C++ 项目\C++ Project\输出链表字符.cpp(45,17): warning C4267: “=”: 从“size_t”转换到“int”，可能丢失数据
  进制转换.cpp
二进制转换.obj : error LNK2005: main 已经在 乘法算法.obj 中定义
倒序输出.obj : error LNK2005: main 已经在 乘法算法.obj 中定义
双向链表.obj : error LNK2005: main 已经在 乘法算法.obj 中定义
因数分解.obj : error LNK2005: main 已经在 乘法算法.obj 中定义
字符串操作.obj : error LNK2005: main 已经在 乘法算法.obj 中定义
打印正方形.obj : error LNK2005: main 已经在 乘法算法.obj 中定义
int与string相互转换.obj : error LNK2005: main 已经在 乘法算法.obj 中定义
不定二维数组.obj : error LNK2005: main 已经在 乘法算法.obj 中定义
小数点和平方.obj : error LNK2005: main 已经在 乘法算法.obj 中定义
字符串插入.obj : error LNK2005: main 已经在 乘法算法.obj 中定义
查找替换字符串.obj : error LNK2005: main 已经在 乘法算法.obj 中定义
输出例子.obj : error LNK2005: main 已经在 乘法算法.obj 中定义
输出链表字符.obj : error LNK2005: main 已经在 乘法算法.obj 中定义
输出链表字符.obj : error LNK2005: "void __cdecl display(struct Num *)" (?display@@YAXPEAUNum@@@Z) 已经在 双向链表.obj 中定义
进制转换.obj : error LNK2005: main 已经在 乘法算法.obj 中定义
LINK : warning LNK4067: 不明确的入口点；选定“mainCRTStartup”
C:\Users\L-kanshan\OneDrive - arocyx\文档\GitHub\C-Code\C++ 项目\x64\Release\C++ Project.exe : fatal error LNK1169: 找到一个或多个多重定义的符号
